[2013.08.19 19:59:18] (Coverage): Error during class instrumentation: com.google.api.server.spi.tools.devserver.RpcApiServlet
java.lang.NullPointerException
	at com.intellij.rt.coverage.instrumentation.Instrumentator$MyClassWriter.typeInfo(Instrumentator.java:344)
	at com.intellij.rt.coverage.instrumentation.Instrumentator$MyClassWriter.getCommonSuperClass(Instrumentator.java:265)
	at org.jetbrains.asm4.ClassWriter.a(Unknown Source)
	at org.jetbrains.asm4.Frame.a(Unknown Source)
	at org.jetbrains.asm4.Frame.a(Unknown Source)
	at org.jetbrains.asm4.MethodWriter.visitMaxs(Unknown Source)
	at org.jetbrains.asm4.MethodVisitor.visitMaxs(Unknown Source)
	at com.intellij.rt.coverage.instrumentation.SamplingInstrumenter$1.visitMaxs(SamplingInstrumenter.java:78)
	at org.jetbrains.asm4.ClassReader.accept(Unknown Source)
	at org.jetbrains.asm4.ClassReader.accept(Unknown Source)
	at com.intellij.rt.coverage.instrumentation.Instrumentator.instrument(Instrumentator.java:163)
	at com.intellij.rt.coverage.instrumentation.Instrumentator.access$000(Instrumentator.java:24)
	at com.intellij.rt.coverage.instrumentation.Instrumentator$1.transform(Instrumentator.java:120)
	at sun.instrument.TransformerManager.transform(TransformerManager.java:188)
	at sun.instrument.InstrumentationImpl.transform(InstrumentationImpl.java:424)
	at java.lang.ClassLoader.defineClass1(Native Method)
	at java.lang.ClassLoader.defineClass(ClassLoader.java:791)
	at java.security.SecureClassLoader.defineClass(SecureClassLoader.java:142)
	at java.net.URLClassLoader.defineClass(URLClassLoader.java:449)
	at java.net.URLClassLoader.access$100(URLClassLoader.java:71)
	at java.net.URLClassLoader$1.run(URLClassLoader.java:361)
	at java.net.URLClassLoader$1.run(URLClassLoader.java:355)
	at java.security.AccessController.doPrivileged(Native Method)
	at java.net.URLClassLoader.findClass(URLClassLoader.java:354)
	at java.lang.ClassLoader.loadClass(ClassLoader.java:423)
	at com.google.appengine.tools.development.IsolatedAppClassLoader.loadClass(IsolatedAppClassLoader.java:215)
	at java.lang.ClassLoader.loadClass(ClassLoader.java:356)
	at org.mortbay.util.Loader.loadClass(Loader.java:91)
	at org.mortbay.util.Loader.loadClass(Loader.java:71)
	at org.mortbay.jetty.servlet.Holder.doStart(Holder.java:73)
	at org.mortbay.jetty.servlet.ServletHolder.doStart(ServletHolder.java:242)
	at org.mortbay.component.AbstractLifeCycle.start(AbstractLifeCycle.java:50)
	at org.mortbay.jetty.servlet.ServletHandler.initialize(ServletHandler.java:685)
	at org.mortbay.jetty.servlet.Context.startContext(Context.java:140)
	at org.mortbay.jetty.webapp.WebAppContext.startContext(WebAppContext.java:1250)
	at org.mortbay.jetty.handler.ContextHandler.doStart(ContextHandler.java:517)
	at org.mortbay.jetty.webapp.WebAppContext.doStart(WebAppContext.java:467)
	at org.mortbay.component.AbstractLifeCycle.start(AbstractLifeCycle.java:50)
	at org.mortbay.jetty.handler.HandlerWrapper.doStart(HandlerWrapper.java:130)
	at org.mortbay.component.AbstractLifeCycle.start(AbstractLifeCycle.java:50)
	at com.google.appengine.tools.development.JettyContainerService.reloadWebApp(JettyContainerService.java:416)
	at com.google.appengine.tools.development.JettyContainerService$ScannerListener.fileChanged(JettyContainerService.java:330)
	at org.mortbay.util.Scanner.reportChange(Scanner.java:464)
	at org.mortbay.util.Scanner.reportDifferences(Scanner.java:330)
	at org.mortbay.util.Scanner.scan(Scanner.java:280)
	at org.mortbay.util.Scanner$1.run(Scanner.java:232)
	at java.util.TimerThread.mainLoop(Timer.java:555)
	at java.util.TimerThread.run(Timer.java:505)
